D:\vs2019\Community\MSBuild\Microsoft\VC\v160\Microsoft.CppBuild.targets(1091,5): warning MSB8027: 名为 TcpSession.cpp 的两个或更多文件将生成到同一位置的输出。这会导致错误的生成结果。   调用的文件是 chatserversrc\TcpSession.cpp, fileserversrc\TcpSession.cpp, common\TcpSession.cpp。
D:\vs2019\Community\MSBuild\Microsoft\VC\v160\Microsoft.CppBuild.targets(1091,5): warning MSB8027: 名为 main.cpp 的两个或更多文件将生成到同一位置的输出。这会导致错误的生成结果。   调用的文件是 fileserversrc\main.cpp, chatserversrc\main.cpp。
  asynclogging.cpp
  countdownlatch.cpp
  fileutil.cpp
D:\2.5\Github\IMChat\NewServer\IM_server\base\fileutil.cpp(7,10): fatal error C1083: 无法打开包括文件: “unistd.h”: No such file or directory
  logfile.cpp
D:\2.5\Github\IMChat\NewServer\IM_server\base\logfile.cpp(112,2): error C3861: “gmtime_r”: 找不到标识符
  logging.cpp
D:\2.5\Github\IMChat\NewServer\IM_server\base\logging.cpp(12,10): error C2144: 语法错误:“char”的前面应有“;”
D:\2.5\Github\IMChat\NewServer\IM_server\base\logging.cpp(12,15): error C4430: 缺少类型说明符 - 假定为 int。注意: C++ 不支持默认 int
D:\2.5\Github\IMChat\NewServer\IM_server\base\logging.cpp(13,10): error C2144: 语法错误:“char”的前面应有“;”
D:\2.5\Github\IMChat\NewServer\IM_server\base\logging.cpp(13,15): error C4430: 缺少类型说明符 - 假定为 int。注意: C++ 不支持默认 int
D:\2.5\Github\IMChat\NewServer\IM_server\base\logging.cpp(13,1): error C2086: “int __thread”: 重定义
D:\2.5\Github\IMChat\NewServer\IM_server\base\logging.cpp(12): message : 参见“__thread”的声明
D:\2.5\Github\IMChat\NewServer\IM_server\base\logging.cpp(14,17): error C4430: 缺少类型说明符 - 假定为 int。注意: C++ 不支持默认 int
D:\2.5\Github\IMChat\NewServer\IM_server\base\logging.cpp(14,1): error C2086: “int __thread”: 重定义
D:\2.5\Github\IMChat\NewServer\IM_server\base\logging.cpp(12): message : 参见“__thread”的声明
D:\2.5\Github\IMChat\NewServer\IM_server\base\logging.cpp(14,10): error C2146: 语法错误: 缺少“;”(在标识符“time_t”的前面)
D:\2.5\Github\IMChat\NewServer\IM_server\base\logging.cpp(18,9): error C3861: “strerror_r”: 找不到标识符
D:\2.5\Github\IMChat\NewServer\IM_server\base\logging.cpp(105,17): error C2065: “t_lastSecond”: 未声明的标识符
D:\2.5\Github\IMChat\NewServer\IM_server\base\logging.cpp(107,3): error C2065: “t_lastSecond”: 未声明的标识符
D:\2.5\Github\IMChat\NewServer\IM_server\base\logging.cpp(110,5): error C2039: "gmtime_r": 不是 "`global namespace'" 的成员
D:\2.5\Github\IMChat\NewServer\IM_server\base\logging.cpp(110,13): error C3861: “gmtime_r”: 找不到标识符
D:\2.5\Github\IMChat\NewServer\IM_server\base\logging.cpp(179,2): warning C4996: 'sprintf': This function or variable may be unsafe. Consider using sprintf_s instead. To disable deprecation, use _CRT_SECURE_NO_WARNINGS. See online help for details.
D:\2.5\Github\IMChat\NewServer\IM_server\base\logging.cpp(202,4): warning C4996: 'strncpy': This function or variable may be unsafe. Consider using strncpy_s instead. To disable deprecation, use _CRT_SECURE_NO_WARNINGS. See online help for details.
D:\2.5\Github\IMChat\NewServer\IM_server\base\logging.cpp(206,4): warning C4996: 'strcat': This function or variable may be unsafe. Consider using strcat_s instead. To disable deprecation, use _CRT_SECURE_NO_WARNINGS. See online help for details.
  logstream.cpp
D:\2.5\Github\IMChat\NewServer\IM_server\base\logstream.cpp(17,9): warning C4068: 未知的杂注“GCC”
D:\2.5\Github\IMChat\NewServer\IM_server\base\logstream.h(48,20): error C2039: "bzero": 不是 "`global namespace'" 的成员
D:\2.5\Github\IMChat\NewServer\IM_server\base\logstream.h(48): message : 在编译 类 模板 成员函数“void detail::FixedBuffer<4000000>::bzero(void)”时
D:\2.5\Github\IMChat\NewServer\IM_server\base\logstream.cpp(74): message : 查看对正在编译的 类 模板 实例化“detail::FixedBuffer<4000000>”的引用
D:\2.5\Github\IMChat\NewServer\IM_server\base\logstream.h(48,1): error C2660: “detail::FixedBuffer<4000000>::bzero”: 函数不接受 2 个参数
D:\2.5\Github\IMChat\NewServer\IM_server\base\logstream.h(48,8): message : 参见“detail::FixedBuffer<4000000>::bzero”的声明
  timestamp.cpp
  TcpSession.cpp
D:\2.5\Github\IMChat\NewServer\IM_server\net\endian.h(4,10): fatal error C1083: 无法打开包括文件: “endian.h”: No such file or directory
  ngx_md5.cpp
  databasemysql.cpp
D:\2.5\Github\IMChat\NewServer\IM_server\database\databasemysql.h(4,10): fatal error C1083: 无法打开包括文件: “mysql/mysql.h”: No such file or directory
  field.cpp
  queryresult.cpp
D:\2.5\Github\IMChat\NewServer\IM_server\database\queryresult.h(4,10): fatal error C1083: 无法打开包括文件: “mysql/mysql.h”: No such file or directory
  FileManager.cpp
D:\2.5\Github\IMChat\NewServer\IM_server\fileserversrc\FileManager.cpp(4,10): fatal error C1083: 无法打开包括文件: “dirent.h”: No such file or directory
  FileSession.cpp
D:\2.5\Github\IMChat\NewServer\IM_server\net\endian.h(4,10): fatal error C1083: 无法打开包括文件: “endian.h”: No such file or directory
  FileServer.cpp
D:\2.5\Github\IMChat\NewServer\IM_server\net\inetaddress.h(3,10): fatal error C1083: 无法打开包括文件: “netinet/in.h”: No such file or directory
  main.cpp
D:\2.5\Github\IMChat\NewServer\IM_server\fileserversrc\main.cpp(5,10): fatal error C1083: 无法打开包括文件: “unistd.h”: No such file or directory
  MD5.cpp
  TcpSession.cpp
D:\2.5\Github\IMChat\NewServer\IM_server\net\endian.h(4,10): fatal error C1083: 无法打开包括文件: “endian.h”: No such file or directory
  json_reader.cpp
  json_value.cpp
  正在生成代码...
  正在编译...
  json_writer.cpp
  ClientSession.cpp
D:\2.5\Github\IMChat\NewServer\IM_server\net\endian.h(4,10): fatal error C1083: 无法打开包括文件: “endian.h”: No such file or directory
  IMServer.cpp
D:\2.5\Github\IMChat\NewServer\IM_server\net\inetaddress.h(3,10): fatal error C1083: 无法打开包括文件: “netinet/in.h”: No such file or directory
  main.cpp
D:\2.5\Github\IMChat\NewServer\IM_server\chatserversrc\main.cpp(5,10): fatal error C1083: 无法打开包括文件: “unistd.h”: No such file or directory
  MsgCacheManager.cpp
  UserManager.cpp
D:\2.5\Github\IMChat\NewServer\IM_server\database\databasemysql.h(4,10): fatal error C1083: 无法打开包括文件: “mysql/mysql.h”: No such file or directory
  mysqlmanager.cpp
D:\2.5\Github\IMChat\NewServer\IM_server\database\databasemysql.h(4,10): fatal error C1083: 无法打开包括文件: “mysql/mysql.h”: No such file or directory
  TcpSession.cpp
c1xx : fatal error C1083: 无法打开源文件: “common\TcpSession.cpp”: No such file or directory
  mysqlthrd.cpp
D:\2.5\Github\IMChat\NewServer\IM_server\database\databasemysql.h(4,10): fatal error C1083: 无法打开包括文件: “mysql/mysql.h”: No such file or directory
  mysqlthrdmgr.cpp
D:\2.5\Github\IMChat\NewServer\IM_server\database\databasemysql.h(4,10): fatal error C1083: 无法打开包括文件: “mysql/mysql.h”: No such file or directory
  tasklist.cpp
  acceptor.cpp
D:\2.5\Github\IMChat\NewServer\IM_server\net\sockets.h(3,10): fatal error C1083: 无法打开包括文件: “arpa/inet.h”: No such file or directory
  buffer.cpp
D:\2.5\Github\IMChat\NewServer\IM_server\net\buffer.cpp(4,10): fatal error C1083: 无法打开包括文件: “sys/uio.h”: No such file or directory
  channel.cpp
D:\2.5\Github\IMChat\NewServer\IM_server\net\channel.cpp(8,10): fatal error C1083: 无法打开包括文件: “poll.h”: No such file or directory
  connector.cpp
D:\2.5\Github\IMChat\NewServer\IM_server\net\inetaddress.h(3,10): fatal error C1083: 无法打开包括文件: “netinet/in.h”: No such file or directory
  epollpoller.cpp
D:\2.5\Github\IMChat\NewServer\IM_server\net\epollpoller.cpp(4,10): fatal error C1083: 无法打开包括文件: “poll.h”: No such file or directory
  eventloop.cpp
D:\2.5\Github\IMChat\NewServer\IM_server\net\eventloop.cpp(9,10): fatal error C1083: 无法打开包括文件: “sys/eventfd.h”: No such file or directory
  eventloopthread.cpp
  eventloopthreadpool.cpp
D:\2.5\Github\IMChat\NewServer\IM_server\net\eventloopthreadpool.cpp(45,25): error C2131: 表达式的计算结果不是常数
D:\2.5\Github\IMChat\NewServer\IM_server\net\eventloopthreadpool.cpp(45,12): message : 因读取超过生命周期的变量而失败
D:\2.5\Github\IMChat\NewServer\IM_server\net\eventloopthreadpool.cpp(45,12): message : 请参见“this”的用法
  inetaddress.cpp
D:\2.5\Github\IMChat\NewServer\IM_server\net\inetaddress.h(3,10): fatal error C1083: 无法打开包括文件: “netinet/in.h”: No such file or directory
  正在生成代码...
  正在编译...
  protocolstream.cpp
D:\2.5\Github\IMChat\NewServer\IM_server\net\protocolstream.cpp(7,10): fatal error C1083: 无法打开包括文件: “arpa/inet.h”: No such file or directory
  sockets.cpp
D:\2.5\Github\IMChat\NewServer\IM_server\net\sockets.h(3,10): fatal error C1083: 无法打开包括文件: “arpa/inet.h”: No such file or directory
  tcpclient.cpp
D:\2.5\Github\IMChat\NewServer\IM_server\net\endian.h(4,10): fatal error C1083: 无法打开包括文件: “endian.h”: No such file or directory
  tcpconnection.cpp
D:\2.5\Github\IMChat\NewServer\IM_server\net\sockets.h(3,10): fatal error C1083: 无法打开包括文件: “arpa/inet.h”: No such file or directory
  tcpserver.cpp
D:\2.5\Github\IMChat\NewServer\IM_server\net\endian.h(4,10): fatal error C1083: 无法打开包括文件: “endian.h”: No such file or directory
  正在生成代码...
